<?xml version="1.0" encoding="UTF-8"?>
<testsuite xmlns:xsi="http://www.w3.org/2001/XMLSchema-instance" xsi:noNamespaceSchemaLocation="https://maven.apache.org/surefire/maven-surefire-plugin/xsd/surefire-test-report-3.0.xsd" version="3.0" name="org.runner.ParallelCucumberTest" time="54.938" tests="15" errors="2" skipped="0" failures="0">
  <properties>
[...]
</properties>
  <testcase name="Successful login" classname="Login Functionality" time="21.725">
    <system-out><![CDATA[
Scenario: Selecting RadioButton                      &amp#27;[90m# appFeature/TutorialsPoint.feature:14&amp#27;[0m

Scenario: Browser windows handling             &amp#27;[90m# appFeature/Alert_Frame_Window.feature:15&amp#27;[0m

@multipleLogin
Scenario Outline: Successful login with valid credentials &amp#27;[90m# appFeature/Login.feature:28&amp#27;[0m

Scenario: Draggable                  &amp#27;[90m# appFeature/Interaction.feature:13&amp#27;[0m

Scenario: Successful register               &amp#27;[90m# appFeature/Register.feature:4&amp#27;[0m

Scenario: Browser windows handling             &amp#27;[90m# appFeature/Alert_Frame_Window.feature:3&amp#27;[0m

Scenario: Text Box Form Filling                                                &amp#27;[90m# appFeature/TutorialsPoint.feature:3&amp#27;[0m

Scenario: Resizeable                 &amp#27;[90m# appFeature/Interaction.feature:2&amp#27;[0m

@validlogin
Scenario: Successful login                     &amp#27;[90m# appFeature/Login.feature:4&amp#27;[0m

Scenario: CheckBox Selection                                 &amp#27;[90m# appFeature/TutorialsPoint.feature:9&amp#27;[0m

Scenario: Browser windows handling             &amp#27;[90m# appFeature/Alert_Frame_Window.feature:9&amp#27;[0m

Scenario: Horizontal scroll                    &amp#27;[90m# appFeature/Interaction.feature:8&amp#27;[0m

@invalidlogin
Scenario: Invalid login            &amp#27;[90m# appFeature/Login.feature:12&amp#27;[0m

@multipleLogin
Scenario Outline: Successful login with valid credentials &amp#27;[90m# appFeature/Login.feature:26&amp#27;[0m

@multipleLogin
Scenario Outline: Successful login with valid credentials &amp#27;[90m# appFeature/Login.feature:27&amp#27;[0m
  &amp#27;[32mGiven &amp#27;[0m&amp#27;[32mI am on the login page&amp#27;[0m                 &amp#27;[90m# org.stepdefinition.Login.i_am_on_the_login_page()&amp#27;[0m
I am on the login page
  &amp#27;[32mWhen &amp#27;[0m&amp#27;[32mI enter valid credentials&amp#27;[0m               &amp#27;[90m# org.stepdefinition.Login.i_enter_valid_credentials()&amp#27;[0m
I am on the login page
  &amp#27;[32mThen &amp#27;[0m&amp#27;[32mI should be redirected to the dashboard&amp#27;[0m &amp#27;[90m# org.stepdefinition.Login.i_should_be_redirected_to_the_dashboard()&amp#27;[0m
]]></system-out>
    <system-err><![CDATA[[ForkJoinPool-1-worker-3] INFO io.github.bonigarcia.wdm.WebDriverManager - Using chromedriver 136.0.7103.49 (resolved driver for Chrome 136)
[ForkJoinPool-1-worker-4] INFO io.github.bonigarcia.wdm.WebDriverManager - Using chromedriver 136.0.7103.49 (resolved driver for Chrome 136)
[ForkJoinPool-1-worker-1] INFO io.github.bonigarcia.wdm.WebDriverManager - Using chromedriver 136.0.7103.49 (resolved driver for Chrome 136)
[ForkJoinPool-1-worker-2] INFO io.github.bonigarcia.wdm.WebDriverManager - Using chromedriver 136.0.7103.49 (resolved driver for Chrome 136)
[ForkJoinPool-1-worker-4] INFO io.github.bonigarcia.wdm.WebDriverManager - Exporting webdriver.chrome.driver as C:\Users\naveensivamani\.cache\selenium\chromedriver\win64\136.0.7103.49\chromedriver.exe
[ForkJoinPool-1-worker-3] INFO io.github.bonigarcia.wdm.WebDriverManager - Exporting webdriver.chrome.driver as C:\Users\naveensivamani\.cache\selenium\chromedriver\win64\136.0.7103.49\chromedriver.exe
[ForkJoinPool-1-worker-1] INFO io.github.bonigarcia.wdm.WebDriverManager - Exporting webdriver.chrome.driver as C:\Users\naveensivamani\.cache\selenium\chromedriver\win64\136.0.7103.49\chromedriver.exe
[ForkJoinPool-1-worker-2] INFO io.github.bonigarcia.wdm.WebDriverManager - Exporting webdriver.chrome.driver as C:\Users\naveensivamani\.cache\selenium\chromedriver\win64\136.0.7103.49\chromedriver.exe
[ForkJoinPool-1-worker-5] INFO io.github.bonigarcia.wdm.WebDriverManager - Using chromedriver 136.0.7103.49 (resolved driver for Chrome 136)
[ForkJoinPool-1-worker-6] INFO io.github.bonigarcia.wdm.WebDriverManager - Using chromedriver 136.0.7103.49 (resolved driver for Chrome 136)
[ForkJoinPool-1-worker-7] INFO io.github.bonigarcia.wdm.WebDriverManager - Using chromedriver 136.0.7103.49 (resolved driver for Chrome 136)
[ForkJoinPool-1-worker-5] INFO io.github.bonigarcia.wdm.WebDriverManager - Exporting webdriver.chrome.driver as C:\Users\naveensivamani\.cache\selenium\chromedriver\win64\136.0.7103.49\chromedriver.exe
[ForkJoinPool-1-worker-8] INFO io.github.bonigarcia.wdm.WebDriverManager - Using chromedriver 136.0.7103.49 (resolved driver for Chrome 136)
[ForkJoinPool-1-worker-6] INFO io.github.bonigarcia.wdm.WebDriverManager - Exporting webdriver.chrome.driver as C:\Users\naveensivamani\.cache\selenium\chromedriver\win64\136.0.7103.49\chromedriver.exe
[ForkJoinPool-1-worker-7] INFO io.github.bonigarcia.wdm.WebDriverManager - Exporting webdriver.chrome.driver as C:\Users\naveensivamani\.cache\selenium\chromedriver\win64\136.0.7103.49\chromedriver.exe
[ForkJoinPool-1-worker-8] INFO io.github.bonigarcia.wdm.WebDriverManager - Exporting webdriver.chrome.driver as C:\Users\naveensivamani\.cache\selenium\chromedriver\win64\136.0.7103.49\chromedriver.exe
[ForkJoinPool-1-worker-9] INFO io.github.bonigarcia.wdm.WebDriverManager - Using chromedriver 136.0.7103.49 (resolved driver for Chrome 136)
[ForkJoinPool-1-worker-9] INFO io.github.bonigarcia.wdm.WebDriverManager - Exporting webdriver.chrome.driver as C:\Users\naveensivamani\.cache\selenium\chromedriver\win64\136.0.7103.49\chromedriver.exe
[ForkJoinPool-1-worker-12] INFO io.github.bonigarcia.wdm.WebDriverManager - Using chromedriver 136.0.7103.49 (resolved driver for Chrome 136)
[ForkJoinPool-1-worker-10] INFO io.github.bonigarcia.wdm.WebDriverManager - Using chromedriver 136.0.7103.49 (resolved driver for Chrome 136)
[ForkJoinPool-1-worker-13] INFO io.github.bonigarcia.wdm.WebDriverManager - Using chromedriver 136.0.7103.49 (resolved driver for Chrome 136)
[ForkJoinPool-1-worker-11] INFO io.github.bonigarcia.wdm.WebDriverManager - Using chromedriver 136.0.7103.49 (resolved driver for Chrome 136)
[ForkJoinPool-1-worker-12] INFO io.github.bonigarcia.wdm.WebDriverManager - Exporting webdriver.chrome.driver as C:\Users\naveensivamani\.cache\selenium\chromedriver\win64\136.0.7103.49\chromedriver.exe
[ForkJoinPool-1-worker-10] INFO io.github.bonigarcia.wdm.WebDriverManager - Exporting webdriver.chrome.driver as C:\Users\naveensivamani\.cache\selenium\chromedriver\win64\136.0.7103.49\chromedriver.exe
[ForkJoinPool-1-worker-13] INFO io.github.bonigarcia.wdm.WebDriverManager - Exporting webdriver.chrome.driver as C:\Users\naveensivamani\.cache\selenium\chromedriver\win64\136.0.7103.49\chromedriver.exe
[ForkJoinPool-1-worker-11] INFO io.github.bonigarcia.wdm.WebDriverManager - Exporting webdriver.chrome.driver as C:\Users\naveensivamani\.cache\selenium\chromedriver\win64\136.0.7103.49\chromedriver.exe
[ForkJoinPool-1-worker-15] INFO io.github.bonigarcia.wdm.WebDriverManager - Using chromedriver 136.0.7103.49 (resolved driver for Chrome 136)
[ForkJoinPool-1-worker-14] INFO io.github.bonigarcia.wdm.WebDriverManager - Using chromedriver 136.0.7103.49 (resolved driver for Chrome 136)
[ForkJoinPool-1-worker-15] INFO io.github.bonigarcia.wdm.WebDriverManager - Exporting webdriver.chrome.driver as C:\Users\naveensivamani\.cache\selenium\chromedriver\win64\136.0.7103.49\chromedriver.exe
[ForkJoinPool-1-worker-14] INFO io.github.bonigarcia.wdm.WebDriverManager - Exporting webdriver.chrome.driver as C:\Users\naveensivamani\.cache\selenium\chromedriver\win64\136.0.7103.49\chromedriver.exe
May 02, 2025 2:26:46 PM org.openqa.selenium.devtools.CdpVersionFinder findNearestMatch
WARNING: Unable to find CDP implementation matching 136
May 02, 2025 2:26:46 PM org.openqa.selenium.chromium.ChromiumDriver lambda$new$5
WARNING: Unable to find version of CDP to use for 136.0.7103.48. You may need to include a dependency on a specific version of the CDP using something similar to `org.seleniumhq.selenium:selenium-devtools-v86:4.27.0` where the version ("v86") matches the version of the chromium-based browser you're using and the version number of the artifact is the same as Selenium's.
May 02, 2025 2:26:48 PM org.openqa.selenium.devtools.CdpVersionFinder findNearestMatch
WARNING: Unable to find CDP implementation matching 136
May 02, 2025 2:26:48 PM org.openqa.selenium.chromium.ChromiumDriver lambda$new$5
WARNING: Unable to find version of CDP to use for 136.0.7103.48. You may need to include a dependency on a specific version of the CDP using something similar to `org.seleniumhq.selenium:selenium-devtools-v86:4.27.0` where the version ("v86") matches the version of the chromium-based browser you're using and the version number of the artifact is the same as Selenium's.
May 02, 2025 2:26:48 PM org.openqa.selenium.devtools.CdpVersionFinder findNearestMatch
WARNING: Unable to find CDP implementation matching 136
May 02, 2025 2:26:48 PM org.openqa.selenium.chromium.ChromiumDriver lambda$new$5
WARNING: Unable to find version of CDP to use for 136.0.7103.48. You may need to include a dependency on a specific version of the CDP using something similar to `org.seleniumhq.selenium:selenium-devtools-v86:4.27.0` where the version ("v86") matches the version of the chromium-based browser you're using and the version number of the artifact is the same as Selenium's.
May 02, 2025 2:26:48 PM org.openqa.selenium.devtools.CdpVersionFinder findNearestMatch
WARNING: Unable to find CDP implementation matching 136
May 02, 2025 2:26:48 PM org.openqa.selenium.chromium.ChromiumDriver lambda$new$5
WARNING: Unable to find version of CDP to use for 136.0.7103.48. You may need to include a dependency on a specific version of the CDP using something similar to `org.seleniumhq.selenium:selenium-devtools-v86:4.27.0` where the version ("v86") matches the version of the chromium-based browser you're using and the version number of the artifact is the same as Selenium's.
May 02, 2025 2:26:48 PM org.openqa.selenium.devtools.CdpVersionFinder findNearestMatch
WARNING: Unable to find CDP implementation matching 136
May 02, 2025 2:26:48 PM org.openqa.selenium.chromium.ChromiumDriver lambda$new$5
WARNING: Unable to find version of CDP to use for 136.0.7103.48. You may need to include a dependency on a specific version of the CDP using something similar to `org.seleniumhq.selenium:selenium-devtools-v86:4.27.0` where the version ("v86") matches the version of the chromium-based browser you're using and the version number of the artifact is the same as Selenium's.
May 02, 2025 2:26:50 PM org.openqa.selenium.devtools.CdpVersionFinder findNearestMatch
WARNING: Unable to find CDP implementation matching 136
May 02, 2025 2:26:50 PM org.openqa.selenium.chromium.ChromiumDriver lambda$new$5
WARNING: Unable to find version of CDP to use for 136.0.7103.48. You may need to include a dependency on a specific version of the CDP using something similar to `org.seleniumhq.selenium:selenium-devtools-v86:4.27.0` where the version ("v86") matches the version of the chromium-based browser you're using and the version number of the artifact is the same as Selenium's.
May 02, 2025 2:26:50 PM org.openqa.selenium.devtools.CdpVersionFinder findNearestMatch
WARNING: Unable to find CDP implementation matching 136
May 02, 2025 2:26:50 PM org.openqa.selenium.chromium.ChromiumDriver lambda$new$5
WARNING: Unable to find version of CDP to use for 136.0.7103.48. You may need to include a dependency on a specific version of the CDP using something similar to `org.seleniumhq.selenium:selenium-devtools-v86:4.27.0` where the version ("v86") matches the version of the chromium-based browser you're using and the version number of the artifact is the same as Selenium's.
May 02, 2025 2:26:50 PM org.openqa.selenium.devtools.CdpVersionFinder findNearestMatch
WARNING: Unable to find CDP implementation matching 136
May 02, 2025 2:26:50 PM org.openqa.selenium.chromium.ChromiumDriver lambda$new$5
WARNING: Unable to find version of CDP to use for 136.0.7103.48. You may need to include a dependency on a specific version of the CDP using something similar to `org.seleniumhq.selenium:selenium-devtools-v86:4.27.0` where the version ("v86") matches the version of the chromium-based browser you're using and the version number of the artifact is the same as Selenium's.
May 02, 2025 2:26:51 PM org.openqa.selenium.devtools.CdpVersionFinder findNearestMatch
WARNING: Unable to find CDP implementation matching 136
May 02, 2025 2:26:51 PM org.openqa.selenium.chromium.ChromiumDriver lambda$new$5
WARNING: Unable to find version of CDP to use for 136.0.7103.48. You may need to include a dependency on a specific version of the CDP using something similar to `org.seleniumhq.selenium:selenium-devtools-v86:4.27.0` where the version ("v86") matches the version of the chromium-based browser you're using and the version number of the artifact is the same as Selenium's.
May 02, 2025 2:26:52 PM org.openqa.selenium.devtools.CdpVersionFinder findNearestMatch
WARNING: Unable to find CDP implementation matching 136
May 02, 2025 2:26:52 PM org.openqa.selenium.chromium.ChromiumDriver lambda$new$5
WARNING: Unable to find version of CDP to use for 136.0.7103.48. You may need to include a dependency on a specific version of the CDP using something similar to `org.seleniumhq.selenium:selenium-devtools-v86:4.27.0` where the version ("v86") matches the version of the chromium-based browser you're using and the version number of the artifact is the same as Selenium's.
May 02, 2025 2:26:52 PM org.openqa.selenium.devtools.CdpVersionFinder findNearestMatch
WARNING: Unable to find CDP implementation matching 136
May 02, 2025 2:26:52 PM org.openqa.selenium.chromium.ChromiumDriver lambda$new$5
WARNING: Unable to find version of CDP to use for 136.0.7103.48. You may need to include a dependency on a specific version of the CDP using something similar to `org.seleniumhq.selenium:selenium-devtools-v86:4.27.0` where the version ("v86") matches the version of the chromium-based browser you're using and the version number of the artifact is the same as Selenium's.
May 02, 2025 2:26:52 PM org.openqa.selenium.devtools.CdpVersionFinder findNearestMatch
WARNING: Unable to find CDP implementation matching 136
May 02, 2025 2:26:52 PM org.openqa.selenium.chromium.ChromiumDriver lambda$new$5
WARNING: Unable to find version of CDP to use for 136.0.7103.48. You may need to include a dependency on a specific version of the CDP using something similar to `org.seleniumhq.selenium:selenium-devtools-v86:4.27.0` where the version ("v86") matches the version of the chromium-based browser you're using and the version number of the artifact is the same as Selenium's.
May 02, 2025 2:26:52 PM org.openqa.selenium.devtools.CdpVersionFinder findNearestMatch
WARNING: Unable to find CDP implementation matching 136
May 02, 2025 2:26:52 PM org.openqa.selenium.chromium.ChromiumDriver lambda$new$5
WARNING: Unable to find version of CDP to use for 136.0.7103.48. You may need to include a dependency on a specific version of the CDP using something similar to `org.seleniumhq.selenium:selenium-devtools-v86:4.27.0` where the version ("v86") matches the version of the chromium-based browser you're using and the version number of the artifact is the same as Selenium's.
May 02, 2025 2:26:56 PM org.openqa.selenium.devtools.CdpVersionFinder findNearestMatch
WARNING: Unable to find CDP implementation matching 136
May 02, 2025 2:26:56 PM org.openqa.selenium.chromium.ChromiumDriver lambda$new$5
WARNING: Unable to find version of CDP to use for 136.0.7103.48. You may need to include a dependency on a specific version of the CDP using something similar to `org.seleniumhq.selenium:selenium-devtools-v86:4.27.0` where the version ("v86") matches the version of the chromium-based browser you're using and the version number of the artifact is the same as Selenium's.
]]></system-err>
  </testcase>
  <testcase name="Invalid login" classname="Login Functionality" time="28.938">
    <system-out><![CDATA[  &amp#27;[32mThen &amp#27;[0m&amp#27;[32mError message should appear&amp#27;[0m &amp#27;[90m# org.stepdefinition.Login.error_message_should_appear()&amp#27;[0m
]]></system-out>
  </testcase>
  <testcase name="Example #1.2" classname="Examples" time="24.608">
    <system-out><![CDATA[  &amp#27;[32mGiven &amp#27;[0m&amp#27;[32mRedirected to login page&amp#27;[0m                          &amp#27;[90m# org.stepdefinition.Login.redirected_to_login_page()&amp#27;[0m
user2
pass2
  &amp#27;[32mWhen &amp#27;[0m&amp#27;[32mI enter &amp#27;[0m&amp#27;[32m&amp#27;[1m"user2"&amp#27;[0m&amp#27;[32m and &amp#27;[0m&amp#27;[32m&amp#27;[1m"pass2"&amp#27;[0m                        &amp#27;[90m# org.stepdefinition.Login.i_enter_and(java.lang.String,java.lang.String)&amp#27;[0m
  &amp#27;[32mThen &amp#27;[0m&amp#27;[32mI should see a welcome message&amp#27;[0m                     &amp#27;[90m# org.stepdefinition.Login.i_should_see_a_welcome_message()&amp#27;[0m
]]></system-out>
    <system-err><![CDATA[May 02, 2025 2:26:57 PM org.openqa.selenium.devtools.CdpVersionFinder findNearestMatch
WARNING: Unable to find CDP implementation matching 136
May 02, 2025 2:26:57 PM org.openqa.selenium.chromium.ChromiumDriver lambda$new$5
WARNING: Unable to find version of CDP to use for 136.0.7103.48. You may need to include a dependency on a specific version of the CDP using something similar to `org.seleniumhq.selenium:selenium-devtools-v86:4.27.0` where the version ("v86") matches the version of the chromium-based browser you're using and the version number of the artifact is the same as Selenium's.
]]></system-err>
  </testcase>
  <testcase name="Example #1.1" classname="Examples" time="25.453">
    <system-out><![CDATA[  &amp#27;[32mGiven &amp#27;[0m&amp#27;[32mRedirected to login page&amp#27;[0m                          &amp#27;[90m# org.stepdefinition.Login.redirected_to_login_page()&amp#27;[0m
user1
pass1
  &amp#27;[32mWhen &amp#27;[0m&amp#27;[32mI enter &amp#27;[0m&amp#27;[32m&amp#27;[1m"user1"&amp#27;[0m&amp#27;[32m and &amp#27;[0m&amp#27;[32m&amp#27;[1m"pass1"&amp#27;[0m                        &amp#27;[90m# org.stepdefinition.Login.i_enter_and(java.lang.String,java.lang.String)&amp#27;[0m
  &amp#27;[32mThen &amp#27;[0m&amp#27;[32mI should see a welcome message&amp#27;[0m                     &amp#27;[90m# org.stepdefinition.Login.i_should_see_a_welcome_message()&amp#27;[0m
]]></system-out>
  </testcase>
  <testcase name="Example #1.3" classname="Examples" time="31.232">
    <system-out><![CDATA[  &amp#27;[32mWhen &amp#27;[0m&amp#27;[32mI enter invalid credentials&amp#27;[0m &amp#27;[90m# org.stepdefinition.Login.i_enter_invalid_credentials()&amp#27;[0m
  &amp#27;[32mGiven &amp#27;[0m&amp#27;[32mRedirected to login page&amp#27;[0m                          &amp#27;[90m# org.stepdefinition.Login.redirected_to_login_page()&amp#27;[0m
admin
adminpass
  &amp#27;[32mWhen &amp#27;[0m&amp#27;[32mI enter &amp#27;[0m&amp#27;[32m&amp#27;[1m"admin"&amp#27;[0m&amp#27;[32m and &amp#27;[0m&amp#27;[32m&amp#27;[1m"adminpass"&amp#27;[0m                    &amp#27;[90m# org.stepdefinition.Login.i_enter_and(java.lang.String,java.lang.String)&amp#27;[0m
  &amp#27;[32mThen &amp#27;[0m&amp#27;[32mI should see a welcome message&amp#27;[0m                     &amp#27;[90m# org.stepdefinition.Login.i_should_see_a_welcome_message()&amp#27;[0m
]]></system-out>
  </testcase>
  <testcase name="Successful register" classname="Register Functionality" time="27.734">
    <system-out><![CDATA[Register 1
  &amp#27;[32mGiven &amp#27;[0m&amp#27;[32mI am on the register page&amp#27;[0m           &amp#27;[90m# org.stepdefinition.Register.i_am_on_the_register_page()&amp#27;[0m
Register 2
  &amp#27;[32mWhen &amp#27;[0m&amp#27;[32mI enter valid data in all the fields&amp#27;[0m &amp#27;[90m# org.stepdefinition.Register.i_enter_valid_data_in_all_the_fields()&amp#27;[0m
Register 3
  &amp#27;[32mThen &amp#27;[0m&amp#27;[32mAccount is created&amp#27;[0m                   &amp#27;[90m# org.stepdefinition.Register.account_is_created()&amp#27;[0m
]]></system-out>
  </testcase>
  <testcase name="Horizontal scroll" classname="Interaction" time="33.973">
    <system-out><![CDATA[  &amp#27;[32mGiven &amp#27;[0m&amp#27;[32mClick on the Alert,frame & Windows tab&amp#27;[0m &amp#27;[90m# org.stepdefinition.TutorialsPointPractice.click_on_the_alert_frame_windows_tab()&amp#27;[0m
  &amp#27;[32mGiven &amp#27;[0m&amp#27;[32mClick on the Alert,frame & Windows tab&amp#27;[0m &amp#27;[90m# org.stepdefinition.TutorialsPointPractice.click_on_the_alert_frame_windows_tab()&amp#27;[0m
  &amp#27;[32mWhen &amp#27;[0m&amp#27;[32mClicking the elements option&amp#27;[0m                  &amp#27;[90m# org.stepdefinition.TutorialsPointPractice.clicking_the_elements_option()&amp#27;[0m
  &amp#27;[32mGiven &amp#27;[0m&amp#27;[32mClick on the Alert,frame & Windows tab&amp#27;[0m &amp#27;[90m# org.stepdefinition.TutorialsPointPractice.click_on_the_alert_frame_windows_tab()&amp#27;[0m
  &amp#27;[32mWhen &amp#27;[0m&amp#27;[32mClicking the elements option&amp#27;[0m                                            &amp#27;[90m# org.stepdefinition.TutorialsPointPractice.clicking_the_elements_option()&amp#27;[0m
  &amp#27;[32mGiven &amp#27;[0m&amp#27;[32mClicking the widgets dropdown&amp#27;[0m          &amp#27;[90m# org.stepdefinition.Interaction.clicking_the_widgets_dropdown()&amp#27;[0m
  &amp#27;[32mGiven &amp#27;[0m&amp#27;[32mClicking the interaction tab&amp#27;[0m &amp#27;[90m# org.stepdefinition.Interaction.clicking_the_interaction_tab()&amp#27;[0m
  &amp#27;[32mAnd &amp#27;[0m&amp#27;[32mClicking the Radio Button text in the dropdown&amp#27;[0m &amp#27;[90m# org.stepdefinition.TutorialsPointPractice.clicking_the_radio_button_text_in_the_dropdown()&amp#27;[0m
  &amp#27;[32mWhen &amp#27;[0m&amp#27;[32mClicking the horizontal scroll Dropdown&amp#27;[0m &amp#27;[90m# org.stepdefinition.Interaction.clicking_the_horizontal_scroll_dropdown()&amp#27;[0m
  &amp#27;[32mWhen &amp#27;[0m&amp#27;[32mClicking on the browser windows tab&amp#27;[0m     &amp#27;[90m# org.stepdefinition.TutorialsPointPractice.clicking_on_the_browser_windows_tab()&amp#27;[0m
  &amp#27;[32mWhen &amp#27;[0m&amp#27;[32mClicking on the browser windows tab&amp#27;[0m     &amp#27;[90m# org.stepdefinition.TutorialsPointPractice.clicking_on_the_browser_windows_tab()&amp#27;[0m
  &amp#27;[32mAnd &amp#27;[0m&amp#27;[32mClicking the Text Box&amp#27;[0m                                                    &amp#27;[90m# org.stepdefinition.TutorialsPointPractice.clicking_the_text_box()&amp#27;[0m
  &amp#27;[32mWhen &amp#27;[0m&amp#27;[32mClicking on the browser windows tab&amp#27;[0m     &amp#27;[90m# org.stepdefinition.TutorialsPointPractice.clicking_on_the_browser_windows_tab()&amp#27;[0m
  &amp#27;[32mAnd &amp#27;[0m&amp#27;[32mScrolling horizontal action&amp#27;[0m              &amp#27;[90m# org.stepdefinition.Interaction.scrolling_horizontal_action()&amp#27;[0m
]]></system-out>
  </testcase>
  <testcase name="Draggable" classname="Interaction" time="45.075">
    <error message="Expected condition failed: waiting for visibility of [[ChromeDriver: chrome on windows (7a64731cb23c9cd34f242158b89a6f2e)] -&gt; xpath: //a[text()=&apos; Dragabble&apos;]] (tried for 10 second(s) with 500 milliseconds interval)&#10;Build info: version: &apos;4.27.0&apos;, revision: &apos;d6e718d134&apos;&#10;System info: os.name: &apos;Windows 11&apos;, os.arch: &apos;amd64&apos;, os.version: &apos;10.0&apos;, java.version: &apos;20.0.2&apos;&#10;Driver info: org.openqa.selenium.chrome.ChromeDriver&#10;Capabilities {acceptInsecureCerts: false, browserName: chrome, browserVersion: 136.0.7103.48, chrome: {chromedriverVersion: 136.0.7103.49 (031848bc6ad0..., userDataDir: C:\Users\NAVEEN~1\AppData\L...}, fedcm:accounts: true, goog:chromeOptions: {debuggerAddress: localhost:58593}, networkConnectionEnabled: false, pageLoadStrategy: normal, platformName: windows, proxy: Proxy(), se:cdp: ws://localhost:58593/devtoo..., se:cdpVersion: 136.0.7103.48, setWindowRect: true, strictFileInteractability: false, timeouts: {implicit: 0, pageLoad: 300000, script: 30000}, unhandledPromptBehavior: dismiss and notify, webauthn:extension:credBlob: true, webauthn:extension:largeBlob: true, webauthn:extension:minPinLength: true, webauthn:extension:prf: true, webauthn:virtualAuthenticators: true}&#10;Session ID: 7a64731cb23c9cd34f242158b89a6f2e" type="org.openqa.selenium.TimeoutException"><![CDATA[org.openqa.selenium.TimeoutException: 
Expected condition failed: waiting for visibility of [[ChromeDriver: chrome on windows (7a64731cb23c9cd34f242158b89a6f2e)] -> xpath: //a[text()=' Dragabble']] (tried for 10 second(s) with 500 milliseconds interval)
Build info: version: '4.27.0', revision: 'd6e718d134'
System info: os.name: 'Windows 11', os.arch: 'amd64', os.version: '10.0', java.version: '20.0.2'
Driver info: org.openqa.selenium.chrome.ChromeDriver
Capabilities {acceptInsecureCerts: false, browserName: chrome, browserVersion: 136.0.7103.48, chrome: {chromedriverVersion: 136.0.7103.49 (031848bc6ad0..., userDataDir: C:\Users\NAVEEN~1\AppData\L...}, fedcm:accounts: true, goog:chromeOptions: {debuggerAddress: localhost:58593}, networkConnectionEnabled: false, pageLoadStrategy: normal, platformName: windows, proxy: Proxy(), se:cdp: ws://localhost:58593/devtoo..., se:cdpVersion: 136.0.7103.48, setWindowRect: true, strictFileInteractability: false, timeouts: {implicit: 0, pageLoad: 300000, script: 30000}, unhandledPromptBehavior: dismiss and notify, webauthn:extension:credBlob: true, webauthn:extension:largeBlob: true, webauthn:extension:minPinLength: true, webauthn:extension:prf: true, webauthn:virtualAuthenticators: true}
Session ID: 7a64731cb23c9cd34f242158b89a6f2e
	at org.openqa.selenium.support.ui.WebDriverWait.timeoutException(WebDriverWait.java:84)
	at org.openqa.selenium.support.ui.FluentWait.until(FluentWait.java:228)
	at utils.BaseClass.waitForElementClickable(BaseClass.java:134)
	at org.stepdefinition.Interaction.clicking_draggable_tab(Interaction.java:61)
	at ✽.Clicking Draggable tab(classpath:appFeature/Interaction.feature:15)
]]></error>
    <system-out><![CDATA[  &amp#27;[31mWhen &amp#27;[0m&amp#27;[31mClicking Draggable tab&amp#27;[0m        &amp#27;[90m# org.stepdefinition.Interaction.clicking_draggable_tab()&amp#27;[0m
      &amp#27;[31morg.openqa.selenium.TimeoutException: Expected condition failed: waiting for visibility of [[ChromeDriver: chrome on windows (7a64731cb23c9cd34f242158b89a6f2e)] -> xpath: //a[text()=' Dragabble']] (tried for 10 second(s) with 500 milliseconds interval)
Build info: version: '4.27.0', revision: 'd6e718d134'
System info: os.name: 'Windows 11', os.arch: 'amd64', os.version: '10.0', java.version: '20.0.2'
Driver info: org.openqa.selenium.chrome.ChromeDriver
Capabilities {acceptInsecureCerts: false, browserName: chrome, browserVersion: 136.0.7103.48, chrome: {chromedriverVersion: 136.0.7103.49 (031848bc6ad0..., userDataDir: C:\Users\NAVEEN~1\AppData\L...}, fedcm:accounts: true, goog:chromeOptions: {debuggerAddress: localhost:58593}, networkConnectionEnabled: false, pageLoadStrategy: normal, platformName: windows, proxy: Proxy(), se:cdp: ws://localhost:58593/devtoo..., se:cdpVersion: 136.0.7103.48, setWindowRect: true, strictFileInteractability: false, timeouts: {implicit: 0, pageLoad: 300000, script: 30000}, unhandledPromptBehavior: dismiss and notify, webauthn:extension:credBlob: true, webauthn:extension:largeBlob: true, webauthn:extension:minPinLength: true, webauthn:extension:prf: true, webauthn:virtualAuthenticators: true}
Session ID: 7a64731cb23c9cd34f242158b89a6f2e
	at org.openqa.selenium.support.ui.WebDriverWait.timeoutException(WebDriverWait.java:84)
	at org.openqa.selenium.support.ui.FluentWait.until(FluentWait.java:228)
	at utils.BaseClass.waitForElementClickable(BaseClass.java:134)
	at org.stepdefinition.Interaction.clicking_draggable_tab(Interaction.java:61)
	at ✽.Clicking Draggable tab(classpath:appFeature/Interaction.feature:15)
&amp#27;[0m
  &amp#27;[36mWhen &amp#27;[0m&amp#27;[36mClicking Axis Restricted&amp#27;[0m      &amp#27;[90m# org.stepdefinition.Interaction.clicking_axis_restricted()&amp#27;[0m
  &amp#27;[36mThen &amp#27;[0m&amp#27;[36mDragging the X Axis&amp#27;[0m           &amp#27;[90m# org.stepdefinition.Interaction.dragging_the_x_axis()&amp#27;[0m
  &amp#27;[36mThen &amp#27;[0m&amp#27;[36mDragging the Y Axis&amp#27;[0m           &amp#27;[90m# org.stepdefinition.Interaction.dragging_the_y_axis()&amp#27;[0m
]]></system-out>
  </testcase>
  <testcase name="Resizeable" classname="Interaction" time="50.244">
    <error message="Expected condition failed: waiting for visibility of [[ChromeDriver: chrome on windows (10ff9f6852f486f908779b7408680118)] -&gt; xpath: //a[text()=&apos; Resizable&apos;]] (tried for 10 second(s) with 500 milliseconds interval)&#10;Build info: version: &apos;4.27.0&apos;, revision: &apos;d6e718d134&apos;&#10;System info: os.name: &apos;Windows 11&apos;, os.arch: &apos;amd64&apos;, os.version: &apos;10.0&apos;, java.version: &apos;20.0.2&apos;&#10;Driver info: org.openqa.selenium.chrome.ChromeDriver&#10;Capabilities {acceptInsecureCerts: false, browserName: chrome, browserVersion: 136.0.7103.48, chrome: {chromedriverVersion: 136.0.7103.49 (031848bc6ad0..., userDataDir: C:\Users\NAVEEN~1\AppData\L...}, fedcm:accounts: true, goog:chromeOptions: {debuggerAddress: localhost:58606}, networkConnectionEnabled: false, pageLoadStrategy: normal, platformName: windows, proxy: Proxy(), se:cdp: ws://localhost:58606/devtoo..., se:cdpVersion: 136.0.7103.48, setWindowRect: true, strictFileInteractability: false, timeouts: {implicit: 0, pageLoad: 300000, script: 30000}, unhandledPromptBehavior: dismiss and notify, webauthn:extension:credBlob: true, webauthn:extension:largeBlob: true, webauthn:extension:minPinLength: true, webauthn:extension:prf: true, webauthn:virtualAuthenticators: true}&#10;Session ID: 10ff9f6852f486f908779b7408680118" type="org.openqa.selenium.TimeoutException"><![CDATA[org.openqa.selenium.TimeoutException: 
Expected condition failed: waiting for visibility of [[ChromeDriver: chrome on windows (10ff9f6852f486f908779b7408680118)] -> xpath: //a[text()=' Resizable']] (tried for 10 second(s) with 500 milliseconds interval)
Build info: version: '4.27.0', revision: 'd6e718d134'
System info: os.name: 'Windows 11', os.arch: 'amd64', os.version: '10.0', java.version: '20.0.2'
Driver info: org.openqa.selenium.chrome.ChromeDriver
Capabilities {acceptInsecureCerts: false, browserName: chrome, browserVersion: 136.0.7103.48, chrome: {chromedriverVersion: 136.0.7103.49 (031848bc6ad0..., userDataDir: C:\Users\NAVEEN~1\AppData\L...}, fedcm:accounts: true, goog:chromeOptions: {debuggerAddress: localhost:58606}, networkConnectionEnabled: false, pageLoadStrategy: normal, platformName: windows, proxy: Proxy(), se:cdp: ws://localhost:58606/devtoo..., se:cdpVersion: 136.0.7103.48, setWindowRect: true, strictFileInteractability: false, timeouts: {implicit: 0, pageLoad: 300000, script: 30000}, unhandledPromptBehavior: dismiss and notify, webauthn:extension:credBlob: true, webauthn:extension:largeBlob: true, webauthn:extension:minPinLength: true, webauthn:extension:prf: true, webauthn:virtualAuthenticators: true}
Session ID: 10ff9f6852f486f908779b7408680118
	at org.openqa.selenium.support.ui.WebDriverWait.timeoutException(WebDriverWait.java:84)
	at org.openqa.selenium.support.ui.FluentWait.until(FluentWait.java:228)
	at utils.BaseClass.waitForElementClickable(BaseClass.java:134)
	at org.stepdefinition.Interaction.cilcking_the_resizeable(Interaction.java:21)
	at ✽.Cilcking the Resizeable(classpath:appFeature/Interaction.feature:4)
]]></error>
    <system-out><![CDATA[  &amp#27;[31mWhen &amp#27;[0m&amp#27;[31mCilcking the Resizeable&amp#27;[0m       &amp#27;[90m# org.stepdefinition.Interaction.cilcking_the_resizeable()&amp#27;[0m
      &amp#27;[31morg.openqa.selenium.TimeoutException: Expected condition failed: waiting for visibility of [[ChromeDriver: chrome on windows (10ff9f6852f486f908779b7408680118)] -> xpath: //a[text()=' Resizable']] (tried for 10 second(s) with 500 milliseconds interval)
Build info: version: '4.27.0', revision: 'd6e718d134'
System info: os.name: 'Windows 11', os.arch: 'amd64', os.version: '10.0', java.version: '20.0.2'
Driver info: org.openqa.selenium.chrome.ChromeDriver
Capabilities {acceptInsecureCerts: false, browserName: chrome, browserVersion: 136.0.7103.48, chrome: {chromedriverVersion: 136.0.7103.49 (031848bc6ad0..., userDataDir: C:\Users\NAVEEN~1\AppData\L...}, fedcm:accounts: true, goog:chromeOptions: {debuggerAddress: localhost:58606}, networkConnectionEnabled: false, pageLoadStrategy: normal, platformName: windows, proxy: Proxy(), se:cdp: ws://localhost:58606/devtoo..., se:cdpVersion: 136.0.7103.48, setWindowRect: true, strictFileInteractability: false, timeouts: {implicit: 0, pageLoad: 300000, script: 30000}, unhandledPromptBehavior: dismiss and notify, webauthn:extension:credBlob: true, webauthn:extension:largeBlob: true, webauthn:extension:minPinLength: true, webauthn:extension:prf: true, webauthn:virtualAuthenticators: true}
Session ID: 10ff9f6852f486f908779b7408680118
	at org.openqa.selenium.support.ui.WebDriverWait.timeoutException(WebDriverWait.java:84)
	at org.openqa.selenium.support.ui.FluentWait.until(FluentWait.java:228)
	at utils.BaseClass.waitForElementClickable(BaseClass.java:134)
	at org.stepdefinition.Interaction.cilcking_the_resizeable(Interaction.java:21)
	at ✽.Cilcking the Resizeable(classpath:appFeature/Interaction.feature:4)
&amp#27;[0m
  &amp#27;[36mAnd &amp#27;[0m&amp#27;[36mResizing the box&amp#27;[0m               &amp#27;[90m# org.stepdefinition.Interaction.resizing_the_box()&amp#27;[0m
]]></system-out>
  </testcase>
  <testcase name="Selecting RadioButton" classname="Tutorials point" time="37.602">
    <system-out><![CDATA[  &amp#27;[32mAnd &amp#27;[0m&amp#27;[32mSelecting the Radio Button&amp#27;[0m                     &amp#27;[90m# org.stepdefinition.TutorialsPointPractice.selecting_the_radio_button()&amp#27;[0m
]]></system-out>
  </testcase>
  <testcase name="CheckBox Selection" classname="Tutorials point" time="40.871">
    <system-out><![CDATA[  &amp#27;[32mWhen &amp#27;[0m&amp#27;[32mClicking check Box Dropdown redirect to CheckBox Page&amp#27;[0m &amp#27;[90m# org.stepdefinition.TutorialsPointPractice.clicking_check_box_dropdown_redirect_to_check_box_page()&amp#27;[0m
  &amp#27;[32mAnd &amp#27;[0m&amp#27;[32mEntering &amp#27;[0m&amp#27;[32m&amp#27;[1m"<FullName>"&amp#27;[0m&amp#27;[32m and "<Email>"and"<Current Address>"and"<Password>"&amp#27;[0m &amp#27;[90m# org.stepdefinition.TutorialsPointPractice.entering_and_email_and_current_address_and_password(java.lang.String)&amp#27;[0m
  &amp#27;[32mAnd &amp#27;[0m&amp#27;[32mClicking the checkbox&amp#27;[0m                                  &amp#27;[90m# org.stepdefinition.TutorialsPointPractice.clicking_the_checkbox()&amp#27;[0m
]]></system-out>
  </testcase>
  <testcase name="Text Box Form Filling" classname="Tutorials point" time="41.318">
    <system-out><![CDATA[  &amp#27;[32mThen &amp#27;[0m&amp#27;[32mClicking the Submit button&amp#27;[0m                                              &amp#27;[90m# org.stepdefinition.TutorialsPointPractice.clicking_the_submit_button()&amp#27;[0m
]]></system-out>
  </testcase>
  <testcase name="Browser windows handling" classname="Alerts,Frames &amp; Window Tab cases" time="38.853">
    <system-out><![CDATA[  &amp#27;[32mAnd &amp#27;[0m&amp#27;[32mClicking the New Tab&amp#27;[0m                     &amp#27;[90m# org.stepdefinition.TutorialsPointPractice.clicking_the_new_tab()&amp#27;[0m
  &amp#27;[32mAnd &amp#27;[0m&amp#27;[32mClicking the New Window Message button&amp#27;[0m   &amp#27;[90m# org.stepdefinition.TutorialsPointPractice.clicking_the_new_window_message_button()&amp#27;[0m
  &amp#27;[32mAnd &amp#27;[0m&amp#27;[32mClicking the New Window&amp#27;[0m                  &amp#27;[90m# org.stepdefinition.TutorialsPointPractice.clicking_the_new_window()&amp#27;[0m
  &amp#27;[32mGiven &amp#27;[0m&amp#27;[32mClicking the interaction tab&amp#27;[0m &amp#27;[90m# org.stepdefinition.Interaction.clicking_the_interaction_tab()&amp#27;[0m
  &amp#27;[32mWhen &amp#27;[0m&amp#27;[32mClicking the elements option&amp#27;[0m                          &amp#27;[90m# org.stepdefinition.TutorialsPointPractice.clicking_the_elements_option()&amp#27;[0m
  &amp#27;[32mThen &amp#27;[0m&amp#27;[32mCheck the New Window is opened&amp#27;[0m          &amp#27;[90m# org.stepdefinition.TutorialsPointPractice.check_the_new_window_is_opened()&amp#27;[0m
]]></system-out>
  </testcase>
  <testcase name="Browser windows handling" classname="Alerts,Frames &amp; Window Tab cases" time="39.19">
    <system-out><![CDATA[  &amp#27;[32mThen &amp#27;[0m&amp#27;[32mCheck the tab is opened&amp#27;[0m                 &amp#27;[90m# org.stepdefinition.TutorialsPointPractice.check_the_tab_is_opened()&amp#27;[0m
  &amp#27;[32mThen &amp#27;[0m&amp#27;[32mCheck the message is displayed&amp#27;[0m          &amp#27;[90m# org.stepdefinition.TutorialsPointPractice.check_the_message_is_displayed()&amp#27;[0m
]]></system-out>
  </testcase>
  <testcase name="Browser windows handling" classname="Alerts,Frames &amp; Window Tab cases" time="41.932"/>
</testsuite>